[DPI] Detected screen DPI: 96.0
[View State] Restored view: pan=(-1440.0, -671.0), zoom=1.95
[SimulateToolsPaletteLoader] UI loaded successfully from /home/simao/projetos/shypn/ui/simulate/simulate_tools_palette.ui
[FileExplorer] CSS styling applied to TreeView
[Main] File explorer wired to canvas loader and persistency manager
[Main] File operations now handled by FileExplorerPanel
Created P1 at (1796.0, 995.0)
[Draw] Rendering 1 objects: 1 places, 0 transitions, 0 arcs
[Draw] Rendering 1 objects: 1 places, 0 transitions, 0 arcs
[Draw] Rendering 1 objects: 1 places, 0 transitions, 0 arcs
[Draw] Rendering 1 objects: 1 places, 0 transitions, 0 arcs
[Draw] Rendering 1 objects: 1 places, 0 transitions, 0 arcs
[Draw] Rendering 1 objects: 1 places, 0 transitions, 0 arcs
[Draw] Rendering 1 objects: 1 places, 0 transitions, 0 arcs
[Draw] Rendering 1 objects: 1 places, 0 transitions, 0 arcs
[Draw] Rendering 1 objects: 1 places, 0 transitions, 0 arcs
[Draw] Rendering 1 objects: 1 places, 0 transitions, 0 arcs
[Draw] Rendering 1 objects: 1 places, 0 transitions, 0 arcs
[Draw] Rendering 1 objects: 1 places, 0 transitions, 0 arcs
[Draw] Rendering 1 objects: 1 places, 0 transitions, 0 arcs
[Draw] Rendering 1 objects: 1 places, 0 transitions, 0 arcs
[Draw] Rendering 1 objects: 1 places, 0 transitions, 0 arcs
[Draw] Rendering 1 objects: 1 places, 0 transitions, 0 arcs
[Draw] Rendering 1 objects: 1 places, 0 transitions, 0 arcs
[Draw] Rendering 1 objects: 1 places, 0 transitions, 0 arcs
[Draw] Rendering 1 objects: 1 places, 0 transitions, 0 arcs
[Draw] Rendering 1 objects: 1 places, 0 transitions, 0 arcs
[Draw] Rendering 1 objects: 1 places, 0 transitions, 0 arcs
[Draw] Rendering 1 objects: 1 places, 0 transitions, 0 arcs
[Draw] Rendering 1 objects: 1 places, 0 transitions, 0 arcs
Created T1 at (1927.0, 904.0)
[Draw] Rendering 2 objects: 1 places, 1 transitions, 0 arcs
[Draw] Rendering 2 objects: 1 places, 1 transitions, 0 arcs
[Draw] Rendering 2 objects: 1 places, 1 transitions, 0 arcs
[Draw] Rendering 2 objects: 1 places, 1 transitions, 0 arcs
[Draw] Rendering 2 objects: 1 places, 1 transitions, 0 arcs
[Draw] Rendering 2 objects: 1 places, 1 transitions, 0 arcs
[Draw] Rendering 2 objects: 1 places, 1 transitions, 0 arcs
[Draw] Rendering 2 objects: 1 places, 1 transitions, 0 arcs
[Draw] Rendering 2 objects: 1 places, 1 transitions, 0 arcs
[Draw] Rendering 2 objects: 1 places, 1 transitions, 0 arcs
[Draw] Rendering 2 objects: 1 places, 1 transitions, 0 arcs
[Draw] Rendering 2 objects: 1 places, 1 transitions, 0 arcs
[Draw] Rendering 2 objects: 1 places, 1 transitions, 0 arcs
[Draw] Rendering 2 objects: 1 places, 1 transitions, 0 arcs
[Draw] Rendering 2 objects: 1 places, 1 transitions, 0 arcs
[Draw] Rendering 2 objects: 1 places, 1 transitions, 0 arcs
[Draw] Rendering 2 objects: 1 places, 1 transitions, 0 arcs
[Draw] Rendering 2 objects: 1 places, 1 transitions, 0 arcs
[Draw] Rendering 2 objects: 1 places, 1 transitions, 0 arcs
[Draw] Rendering 2 objects: 1 places, 1 transitions, 0 arcs
[Draw] Rendering 2 objects: 1 places, 1 transitions, 0 arcs
[Draw] Rendering 2 objects: 1 places, 1 transitions, 0 arcs
[Draw] Rendering 2 objects: 1 places, 1 transitions, 0 arcs
[Draw] Rendering 2 objects: 1 places, 1 transitions, 0 arcs
[Draw] Rendering 2 objects: 1 places, 1 transitions, 0 arcs
[Draw] Rendering 2 objects: 1 places, 1 transitions, 0 arcs
[Draw] Rendering 2 objects: 1 places, 1 transitions, 0 arcs
[Draw] Rendering 2 objects: 1 places, 1 transitions, 0 arcs
[Draw] Rendering 2 objects: 1 places, 1 transitions, 0 arcs
[Draw] Rendering 2 objects: 1 places, 1 transitions, 0 arcs
[Draw] Rendering 2 objects: 1 places, 1 transitions, 0 arcs
[Draw] Rendering 2 objects: 1 places, 1 transitions, 0 arcs
[Draw] Rendering 2 objects: 1 places, 1 transitions, 0 arcs
[Draw] Rendering 2 objects: 1 places, 1 transitions, 0 arcs
[Draw] Rendering 2 objects: 1 places, 1 transitions, 0 arcs
[Draw] Rendering 2 objects: 1 places, 1 transitions, 0 arcs
[Draw] Rendering 2 objects: 1 places, 1 transitions, 0 arcs
[Draw] Rendering 2 objects: 1 places, 1 transitions, 0 arcs
[Draw] Rendering 2 objects: 1 places, 1 transitions, 0 arcs
[Draw] Rendering 2 objects: 1 places, 1 transitions, 0 arcs
[Draw] Rendering 2 objects: 1 places, 1 transitions, 0 arcs
[Draw] Rendering 2 objects: 1 places, 1 transitions, 0 arcs
[Draw] Rendering 2 objects: 1 places, 1 transitions, 0 arcs
[Draw] Rendering 2 objects: 1 places, 1 transitions, 0 arcs
[Draw] Rendering 2 objects: 1 places, 1 transitions, 0 arcs
Arc creation: source P1 selected
[Draw] Rendering 2 objects: 1 places, 1 transitions, 0 arcs
[Draw] Rendering 2 objects: 1 places, 1 transitions, 0 arcs
[Draw] Rendering 2 objects: 1 places, 1 transitions, 0 arcs
[Draw] Rendering 2 objects: 1 places, 1 transitions, 0 arcs
[Draw] Rendering 2 objects: 1 places, 1 transitions, 0 arcs
[Draw] Rendering 2 objects: 1 places, 1 transitions, 0 arcs
[Draw] Rendering 2 objects: 1 places, 1 transitions, 0 arcs
[Draw] Rendering 2 objects: 1 places, 1 transitions, 0 arcs
[Draw] Rendering 2 objects: 1 places, 1 transitions, 0 arcs
[Draw] Rendering 2 objects: 1 places, 1 transitions, 0 arcs
[Draw] Rendering 2 objects: 1 places, 1 transitions, 0 arcs
[Draw] Rendering 2 objects: 1 places, 1 transitions, 0 arcs
[Draw] Rendering 2 objects: 1 places, 1 transitions, 0 arcs
[Draw] Rendering 2 objects: 1 places, 1 transitions, 0 arcs
[Draw] Rendering 2 objects: 1 places, 1 transitions, 0 arcs
[Draw] Rendering 2 objects: 1 places, 1 transitions, 0 arcs
[Draw] Rendering 2 objects: 1 places, 1 transitions, 0 arcs
[Draw] Rendering 2 objects: 1 places, 1 transitions, 0 arcs
[Draw] Rendering 2 objects: 1 places, 1 transitions, 0 arcs
Created A1: P1 → T1
[Draw] Rendering 3 objects: 1 places, 1 transitions, 1 arcs
[Draw] Rendering 3 objects: 1 places, 1 transitions, 1 arcs
[Draw] Rendering 3 objects: 1 places, 1 transitions, 1 arcs
[Draw] Rendering 3 objects: 1 places, 1 transitions, 1 arcs
[Draw] Rendering 3 objects: 1 places, 1 transitions, 1 arcs
[Draw] Rendering 3 objects: 1 places, 1 transitions, 1 arcs
[Draw] Rendering 3 objects: 1 places, 1 transitions, 1 arcs
[Draw] Rendering 3 objects: 1 places, 1 transitions, 1 arcs
[Draw] Rendering 3 objects: 1 places, 1 transitions, 1 arcs
[Draw] Rendering 3 objects: 1 places, 1 transitions, 1 arcs
[Draw] Rendering 3 objects: 1 places, 1 transitions, 1 arcs
[Draw] Rendering 3 objects: 1 places, 1 transitions, 1 arcs
[Draw] Rendering 3 objects: 1 places, 1 transitions, 1 arcs
[Draw] Rendering 3 objects: 1 places, 1 transitions, 1 arcs
[Draw] Rendering 3 objects: 1 places, 1 transitions, 1 arcs
[Draw] Rendering 3 objects: 1 places, 1 transitions, 1 arcs
[Draw] Rendering 3 objects: 1 places, 1 transitions, 1 arcs
[Draw] Rendering 3 objects: 1 places, 1 transitions, 1 arcs
[Draw] Rendering 3 objects: 1 places, 1 transitions, 1 arcs
[Draw] Rendering 3 objects: 1 places, 1 transitions, 1 arcs
[Draw] Rendering 3 objects: 1 places, 1 transitions, 1 arcs
[Draw] Rendering 3 objects: 1 places, 1 transitions, 1 arcs
[Draw] Rendering 3 objects: 1 places, 1 transitions, 1 arcs
[Draw] Rendering 3 objects: 1 places, 1 transitions, 1 arcs
[Draw] Rendering 3 objects: 1 places, 1 transitions, 1 arcs
[Draw] Rendering 3 objects: 1 places, 1 transitions, 1 arcs
[Draw] Rendering 3 objects: 1 places, 1 transitions, 1 arcs
[Draw] Rendering 3 objects: 1 places, 1 transitions, 1 arcs
[Draw] Rendering 3 objects: 1 places, 1 transitions, 1 arcs
[Draw] Rendering 3 objects: 1 places, 1 transitions, 1 arcs
[Draw] Rendering 3 objects: 1 places, 1 transitions, 1 arcs
[Draw] Rendering 3 objects: 1 places, 1 transitions, 1 arcs
[Draw] Rendering 3 objects: 1 places, 1 transitions, 1 arcs
[Draw] Rendering 3 objects: 1 places, 1 transitions, 1 arcs
[Draw] Rendering 3 objects: 1 places, 1 transitions, 1 arcs
[Draw] Rendering 3 objects: 1 places, 1 transitions, 1 arcs
[Draw] Rendering 3 objects: 1 places, 1 transitions, 1 arcs
Created P2 at (2009.0, 995.0)
[Draw] Rendering 4 objects: 2 places, 1 transitions, 1 arcs
[Draw] Rendering 4 objects: 2 places, 1 transitions, 1 arcs
[Draw] Rendering 4 objects: 2 places, 1 transitions, 1 arcs
Gdk-Message: 14:46:54.209: Window 0x32fa7b00 is a temporary window without parent, application will not be able to position it on screen.

(shypn.py:91996): Gdk-CRITICAL **: 14:46:54.210: gdk_wayland_window_handle_configure_popup: assertion 'impl->transient_for' failed
Traceback (most recent call last):
  File "/home/simao/projetos/shypn/src/shypn/helpers/model_canvas_loader.py", line 1220, in <lambda>
    menu_item.connect("activate", lambda w, cb=callback: cb())
                                                         ^^^^
  File "/home/simao/projetos/shypn/src/shypn/helpers/model_canvas_loader.py", line 1204, in <lambda>
    ("Edit Properties...", lambda: self._on_object_properties(obj, manager, drawing_area)),
                                   ^^^^^^^^^^^^^^^^^^^^^^^^^^^^^^^^^^^^^^^^^^^^^^^^^^^^^^
  File "/home/simao/projetos/shypn/src/shypn/helpers/model_canvas_loader.py", line 1507, in _on_object_properties
    from shypn.helpers.arc_prop_dialog_loader import create_arc_prop_dialog
  File "/home/simao/projetos/shypn/src/shypn/helpers/arc_prop_dialog_loader.py", line 10
    from gi.reposi    def _on_response(self, dialog, response_id):
                      ^^^
SyntaxError: invalid syntax
Gdk-Message: 14:46:56.962: Window 0x3377ec90 is a temporary window without parent, application will not be able to position it on screen.

(shypn.py:91996): Gdk-CRITICAL **: 14:46:56.962: gdk_wayland_window_handle_configure_popup: assertion 'impl->transient_for' failed
Traceback (most recent call last):
  File "/home/simao/projetos/shypn/src/shypn/helpers/model_canvas_loader.py", line 1220, in <lambda>
    menu_item.connect("activate", lambda w, cb=callback: cb())
                                                         ^^^^
  File "/home/simao/projetos/shypn/src/shypn/helpers/model_canvas_loader.py", line 1204, in <lambda>
    ("Edit Properties...", lambda: self._on_object_properties(obj, manager, drawing_area)),
                                   ^^^^^^^^^^^^^^^^^^^^^^^^^^^^^^^^^^^^^^^^^^^^^^^^^^^^^^
  File "/home/simao/projetos/shypn/src/shypn/helpers/model_canvas_loader.py", line 1507, in _on_object_properties
    from shypn.helpers.arc_prop_dialog_loader import create_arc_prop_dialog
  File "/home/simao/projetos/shypn/src/shypn/helpers/arc_prop_dialog_loader.py", line 10
    from gi.reposi    def _on_response(self, dialog, response_id):
                      ^^^
SyntaxError: invalid syntax
Gdk-Message: 14:47:00.074: Window 0x3364fcb0 is a temporary window without parent, application will not be able to position it on screen.

(shypn.py:91996): Gdk-CRITICAL **: 14:47:00.075: gdk_wayland_window_handle_configure_popup: assertion 'impl->transient_for' failed
Traceback (most recent call last):
  File "/home/simao/projetos/shypn/src/shypn/helpers/model_canvas_loader.py", line 1220, in <lambda>
    menu_item.connect("activate", lambda w, cb=callback: cb())
                                                         ^^^^
  File "/home/simao/projetos/shypn/src/shypn/helpers/model_canvas_loader.py", line 1204, in <lambda>
    ("Edit Properties...", lambda: self._on_object_properties(obj, manager, drawing_area)),
                                   ^^^^^^^^^^^^^^^^^^^^^^^^^^^^^^^^^^^^^^^^^^^^^^^^^^^^^^
  File "/home/simao/projetos/shypn/src/shypn/helpers/model_canvas_loader.py", line 1507, in _on_object_properties
    from shypn.helpers.arc_prop_dialog_loader import create_arc_prop_dialog
  File "/home/simao/projetos/shypn/src/shypn/helpers/arc_prop_dialog_loader.py", line 10
    from gi.reposi    def _on_response(self, dialog, response_id):
                      ^^^
SyntaxError: invalid syntax
Gdk-Message: 14:47:02.002: Window 0x33741630 is a temporary window without parent, application will not be able to position it on screen.

(shypn.py:91996): Gdk-CRITICAL **: 14:47:02.003: gdk_wayland_window_handle_configure_popup: assertion 'impl->transient_for' failed
Traceback (most recent call last):
  File "/home/simao/projetos/shypn/src/shypn/helpers/model_canvas_loader.py", line 1220, in <lambda>
    menu_item.connect("activate", lambda w, cb=callback: cb())
                                                         ^^^^
  File "/home/simao/projetos/shypn/src/shypn/helpers/model_canvas_loader.py", line 1204, in <lambda>
    ("Edit Properties...", lambda: self._on_object_properties(obj, manager, drawing_area)),
                                   ^^^^^^^^^^^^^^^^^^^^^^^^^^^^^^^^^^^^^^^^^^^^^^^^^^^^^^
  File "/home/simao/projetos/shypn/src/shypn/helpers/model_canvas_loader.py", line 1507, in _on_object_properties
    from shypn.helpers.arc_prop_dialog_loader import create_arc_prop_dialog
  File "/home/simao/projetos/shypn/src/shypn/helpers/arc_prop_dialog_loader.py", line 10
    from gi.reposi    def _on_response(self, dialog, response_id):
                      ^^^
SyntaxError: invalid syntax
Gdk-Message: 14:47:03.939: Window 0x336fb190 is a temporary window without parent, application will not be able to position it on screen.

(shypn.py:91996): Gdk-CRITICAL **: 14:47:03.940: gdk_wayland_window_handle_configure_popup: assertion 'impl->transient_for' failed
Traceback (most recent call last):
  File "/home/simao/projetos/shypn/src/shypn/helpers/model_canvas_loader.py", line 1220, in <lambda>
    menu_item.connect("activate", lambda w, cb=callback: cb())
                                                         ^^^^
  File "/home/simao/projetos/shypn/src/shypn/helpers/model_canvas_loader.py", line 1204, in <lambda>
    ("Edit Properties...", lambda: self._on_object_properties(obj, manager, drawing_area)),
                                   ^^^^^^^^^^^^^^^^^^^^^^^^^^^^^^^^^^^^^^^^^^^^^^^^^^^^^^
  File "/home/simao/projetos/shypn/src/shypn/helpers/model_canvas_loader.py", line 1507, in _on_object_properties
    from shypn.helpers.arc_prop_dialog_loader import create_arc_prop_dialog
  File "/home/simao/projetos/shypn/src/shypn/helpers/arc_prop_dialog_loader.py", line 10
    from gi.reposi    def _on_response(self, dialog, response_id):
                      ^^^
SyntaxError: invalid syntax
Gdk-Message: 14:47:06.352: Window 0x33497c60 is a temporary window without parent, application will not be able to position it on screen.

(shypn.py:91996): Gdk-CRITICAL **: 14:47:06.353: gdk_wayland_window_handle_configure_popup: assertion 'impl->transient_for' failed
Traceback (most recent call last):
  File "/home/simao/projetos/shypn/src/shypn/helpers/model_canvas_loader.py", line 1220, in <lambda>
    menu_item.connect("activate", lambda w, cb=callback: cb())
                                                         ^^^^
  File "/home/simao/projetos/shypn/src/shypn/helpers/model_canvas_loader.py", line 1204, in <lambda>
    ("Edit Properties...", lambda: self._on_object_properties(obj, manager, drawing_area)),
                                   ^^^^^^^^^^^^^^^^^^^^^^^^^^^^^^^^^^^^^^^^^^^^^^^^^^^^^^
  File "/home/simao/projetos/shypn/src/shypn/helpers/model_canvas_loader.py", line 1507, in _on_object_properties
    from shypn.helpers.arc_prop_dialog_loader import create_arc_prop_dialog
  File "/home/simao/projetos/shypn/src/shypn/helpers/arc_prop_dialog_loader.py", line 10
    from gi.reposi    def _on_response(self, dialog, response_id):
                      ^^^
SyntaxError: invalid syntax
Gdk-Message: 14:47:08.570: Window 0x33736390 is a temporary window without parent, application will not be able to position it on screen.

(shypn.py:91996): Gdk-CRITICAL **: 14:47:08.571: gdk_wayland_window_handle_configure_popup: assertion 'impl->transient_for' failed
Traceback (most recent call last):
  File "/home/simao/projetos/shypn/src/shypn/helpers/model_canvas_loader.py", line 1220, in <lambda>
    menu_item.connect("activate", lambda w, cb=callback: cb())
                                                         ^^^^
  File "/home/simao/projetos/shypn/src/shypn/helpers/model_canvas_loader.py", line 1204, in <lambda>
    ("Edit Properties...", lambda: self._on_object_properties(obj, manager, drawing_area)),
                                   ^^^^^^^^^^^^^^^^^^^^^^^^^^^^^^^^^^^^^^^^^^^^^^^^^^^^^^
  File "/home/simao/projetos/shypn/src/shypn/helpers/model_canvas_loader.py", line 1507, in _on_object_properties
    from shypn.helpers.arc_prop_dialog_loader import create_arc_prop_dialog
  File "/home/simao/projetos/shypn/src/shypn/helpers/arc_prop_dialog_loader.py", line 10
    from gi.reposi    def _on_response(self, dialog, response_id):
                      ^^^
SyntaxError: invalid syntax
Gdk-Message: 14:47:35.435: Window 0x337b0d50 is a temporary window without parent, application will not be able to position it on screen.

(shypn.py:91996): Gdk-CRITICAL **: 14:47:35.436: gdk_wayland_window_handle_configure_popup: assertion 'impl->transient_for' failed
Gdk-Message: 14:48:19.069: Window 0x33416bc0 is a temporary window without parent, application will not be able to position it on screen.

(shypn.py:91996): Gdk-CRITICAL **: 14:48:19.070: gdk_wayland_window_handle_configure_popup: assertion 'impl->transient_for' failed
Traceback (most recent call last):
  File "/home/simao/projetos/shypn/src/shypn/helpers/model_canvas_loader.py", line 1220, in <lambda>
    menu_item.connect("activate", lambda w, cb=callback: cb())
                                                         ^^^^
  File "/home/simao/projetos/shypn/src/shypn/helpers/model_canvas_loader.py", line 1204, in <lambda>
    ("Edit Properties...", lambda: self._on_object_properties(obj, manager, drawing_area)),
                                   ^^^^^^^^^^^^^^^^^^^^^^^^^^^^^^^^^^^^^^^^^^^^^^^^^^^^^^
  File "/home/simao/projetos/shypn/src/shypn/helpers/model_canvas_loader.py", line 1507, in _on_object_properties
    from shypn.helpers.arc_prop_dialog_loader import create_arc_prop_dialog
  File "/home/simao/projetos/shypn/src/shypn/helpers/arc_prop_dialog_loader.py", line 10
    from gi.reposi    def _on_response(self, dialog, response_id):
                      ^^^
SyntaxError: invalid syntax
[Draw] Rendering 4 objects: 2 places, 1 transitions, 1 arcs
[Draw] Rendering 4 objects: 2 places, 1 transitions, 1 arcs
[Draw] Rendering 4 objects: 2 places, 1 transitions, 1 arcs
[Draw] Rendering 4 objects: 2 places, 1 transitions, 1 arcs
[Draw] Rendering 4 objects: 2 places, 1 transitions, 1 arcs
[Draw] Rendering 4 objects: 2 places, 1 transitions, 1 arcs
[Draw] Rendering 4 objects: 2 places, 1 transitions, 1 arcs
[Draw] Rendering 4 objects: 2 places, 1 transitions, 1 arcs
[Draw] Rendering 4 objects: 2 places, 1 transitions, 1 arcs
[Draw] Rendering 4 objects: 2 places, 1 transitions, 1 arcs
[Draw] Rendering 4 objects: 2 places, 1 transitions, 1 arcs
[Draw] Rendering 4 objects: 2 places, 1 transitions, 1 arcs
[Draw] Rendering 4 objects: 2 places, 1 transitions, 1 arcs
[Draw] Rendering 4 objects: 2 places, 1 transitions, 1 arcs
[Draw] Rendering 4 objects: 2 places, 1 transitions, 1 arcs
[Draw] Rendering 4 objects: 2 places, 1 transitions, 1 arcs
[Draw] Rendering 4 objects: 2 places, 1 transitions, 1 arcs
[Draw] Rendering 4 objects: 2 places, 1 transitions, 1 arcs
[Draw] Rendering 4 objects: 2 places, 1 transitions, 1 arcs
[Draw] Rendering 4 objects: 2 places, 1 transitions, 1 arcs
[Draw] Rendering 4 objects: 2 places, 1 transitions, 1 arcs
[Draw] Rendering 4 objects: 2 places, 1 transitions, 1 arcs
[Draw] Rendering 4 objects: 2 places, 1 transitions, 1 arcs
[Draw] Rendering 4 objects: 2 places, 1 transitions, 1 arcs
[Draw] Rendering 4 objects: 2 places, 1 transitions, 1 arcs
[Draw] Rendering 4 objects: 2 places, 1 transitions, 1 arcs
[Draw] Rendering 4 objects: 2 places, 1 transitions, 1 arcs
[Draw] Rendering 4 objects: 2 places, 1 transitions, 1 arcs
[Draw] Rendering 4 objects: 2 places, 1 transitions, 1 arcs
[Draw] Rendering 4 objects: 2 places, 1 transitions, 1 arcs
[Draw] Rendering 4 objects: 2 places, 1 transitions, 1 arcs
[Draw] Rendering 4 objects: 2 places, 1 transitions, 1 arcs
[Draw] Rendering 4 objects: 2 places, 1 transitions, 1 arcs
[Draw] Rendering 4 objects: 2 places, 1 transitions, 1 arcs
[Draw] Rendering 4 objects: 2 places, 1 transitions, 1 arcs
[Draw] Rendering 4 objects: 2 places, 1 transitions, 1 arcs
[Draw] Rendering 4 objects: 2 places, 1 transitions, 1 arcs
[Draw] Rendering 4 objects: 2 places, 1 transitions, 1 arcs
[Draw] Rendering 4 objects: 2 places, 1 transitions, 1 arcs
[Draw] Rendering 4 objects: 2 places, 1 transitions, 1 arcs
[Draw] Rendering 4 objects: 2 places, 1 transitions, 1 arcs
[Draw] Rendering 4 objects: 2 places, 1 transitions, 1 arcs
[Draw] Rendering 4 objects: 2 places, 1 transitions, 1 arcs
[Draw] Rendering 4 objects: 2 places, 1 transitions, 1 arcs
[Draw] Rendering 4 objects: 2 places, 1 transitions, 1 arcs
[Draw] Rendering 4 objects: 2 places, 1 transitions, 1 arcs
[Draw] Rendering 4 objects: 2 places, 1 transitions, 1 arcs
Arc creation: source T1 selected
[Draw] Rendering 4 objects: 2 places, 1 transitions, 1 arcs
[Draw] Rendering 4 objects: 2 places, 1 transitions, 1 arcs
[Draw] Rendering 4 objects: 2 places, 1 transitions, 1 arcs
[Draw] Rendering 4 objects: 2 places, 1 transitions, 1 arcs
[Draw] Rendering 4 objects: 2 places, 1 transitions, 1 arcs
[Draw] Rendering 4 objects: 2 places, 1 transitions, 1 arcs
[Draw] Rendering 4 objects: 2 places, 1 transitions, 1 arcs
[Draw] Rendering 4 objects: 2 places, 1 transitions, 1 arcs
[Draw] Rendering 4 objects: 2 places, 1 transitions, 1 arcs
[Draw] Rendering 4 objects: 2 places, 1 transitions, 1 arcs
[Draw] Rendering 4 objects: 2 places, 1 transitions, 1 arcs
[Draw] Rendering 4 objects: 2 places, 1 transitions, 1 arcs
[Draw] Rendering 4 objects: 2 places, 1 transitions, 1 arcs
[Draw] Rendering 4 objects: 2 places, 1 transitions, 1 arcs
[Draw] Rendering 4 objects: 2 places, 1 transitions, 1 arcs
[Draw] Rendering 4 objects: 2 places, 1 transitions, 1 arcs
[Draw] Rendering 4 objects: 2 places, 1 transitions, 1 arcs
[Draw] Rendering 4 objects: 2 places, 1 transitions, 1 arcs
[Draw] Rendering 4 objects: 2 places, 1 transitions, 1 arcs
[Draw] Rendering 4 objects: 2 places, 1 transitions, 1 arcs
[Draw] Rendering 4 objects: 2 places, 1 transitions, 1 arcs
Created A2: T1 → P2
[Draw] Rendering 5 objects: 2 places, 1 transitions, 2 arcs
[Draw] Rendering 5 objects: 2 places, 1 transitions, 2 arcs
[Draw] Rendering 5 objects: 2 places, 1 transitions, 2 arcs
[Draw] Rendering 5 objects: 2 places, 1 transitions, 2 arcs
[Draw] Rendering 5 objects: 2 places, 1 transitions, 2 arcs
[Draw] Rendering 5 objects: 2 places, 1 transitions, 2 arcs
[Draw] Rendering 5 objects: 2 places, 1 transitions, 2 arcs
[Draw] Rendering 5 objects: 2 places, 1 transitions, 2 arcs
[Draw] Rendering 5 objects: 2 places, 1 transitions, 2 arcs
[Draw] Rendering 5 objects: 2 places, 1 transitions, 2 arcs
[Draw] Rendering 5 objects: 2 places, 1 transitions, 2 arcs
[Draw] Rendering 5 objects: 2 places, 1 transitions, 2 arcs
[Draw] Rendering 5 objects: 2 places, 1 transitions, 2 arcs
[Draw] Rendering 5 objects: 2 places, 1 transitions, 2 arcs
[Draw] Rendering 5 objects: 2 places, 1 transitions, 2 arcs
[Draw] Rendering 5 objects: 2 places, 1 transitions, 2 arcs
[Draw] Rendering 5 objects: 2 places, 1 transitions, 2 arcs
[Draw] Rendering 5 objects: 2 places, 1 transitions, 2 arcs
[Draw] Rendering 5 objects: 2 places, 1 transitions, 2 arcs
[Draw] Rendering 5 objects: 2 places, 1 transitions, 2 arcs
[Draw] Rendering 5 objects: 2 places, 1 transitions, 2 arcs
[Draw] Rendering 5 objects: 2 places, 1 transitions, 2 arcs
[Draw] Rendering 5 objects: 2 places, 1 transitions, 2 arcs
[Draw] Rendering 5 objects: 2 places, 1 transitions, 2 arcs
[Draw] Rendering 5 objects: 2 places, 1 transitions, 2 arcs
[Draw] Rendering 5 objects: 2 places, 1 transitions, 2 arcs
[Draw] Rendering 5 objects: 2 places, 1 transitions, 2 arcs
[Draw] Rendering 5 objects: 2 places, 1 transitions, 2 arcs
[Draw] Rendering 5 objects: 2 places, 1 transitions, 2 arcs
[Draw] Rendering 5 objects: 2 places, 1 transitions, 2 arcs
[Draw] Rendering 5 objects: 2 places, 1 transitions, 2 arcs
[Draw] Rendering 5 objects: 2 places, 1 transitions, 2 arcs
[Draw] Rendering 5 objects: 2 places, 1 transitions, 2 arcs
[Draw] Rendering 5 objects: 2 places, 1 transitions, 2 arcs
[Draw] Rendering 5 objects: 2 places, 1 transitions, 2 arcs
[Draw] Rendering 5 objects: 2 places, 1 transitions, 2 arcs
[Draw] Rendering 5 objects: 2 places, 1 transitions, 2 arcs
[Draw] Rendering 5 objects: 2 places, 1 transitions, 2 arcs
[Persistency] New document created
Created P1 at (1877.1, 1047.5)
[Draw] Rendering 1 objects: 1 places, 0 transitions, 0 arcs
[Draw] Rendering 1 objects: 1 places, 0 transitions, 0 arcs
[Draw] Rendering 1 objects: 1 places, 0 transitions, 0 arcs
[Draw] Rendering 1 objects: 1 places, 0 transitions, 0 arcs
[Draw] Rendering 1 objects: 1 places, 0 transitions, 0 arcs
[Draw] Rendering 1 objects: 1 places, 0 transitions, 0 arcs
[Draw] Rendering 1 objects: 1 places, 0 transitions, 0 arcs
[Draw] Rendering 1 objects: 1 places, 0 transitions, 0 arcs
[Draw] Rendering 1 objects: 1 places, 0 transitions, 0 arcs
[Draw] Rendering 1 objects: 1 places, 0 transitions, 0 arcs
[Draw] Rendering 1 objects: 1 places, 0 transitions, 0 arcs
[Draw] Rendering 1 objects: 1 places, 0 transitions, 0 arcs
[Draw] Rendering 1 objects: 1 places, 0 transitions, 0 arcs
[Draw] Rendering 1 objects: 1 places, 0 transitions, 0 arcs
[Draw] Rendering 1 objects: 1 places, 0 transitions, 0 arcs
[Draw] Rendering 1 objects: 1 places, 0 transitions, 0 arcs
[Draw] Rendering 1 objects: 1 places, 0 transitions, 0 arcs
[Draw] Rendering 1 objects: 1 places, 0 transitions, 0 arcs
[Draw] Rendering 1 objects: 1 places, 0 transitions, 0 arcs
[Draw] Rendering 1 objects: 1 places, 0 transitions, 0 arcs
[Draw] Rendering 1 objects: 1 places, 0 transitions, 0 arcs
[Draw] Rendering 1 objects: 1 places, 0 transitions, 0 arcs
[Draw] Rendering 1 objects: 1 places, 0 transitions, 0 arcs
[Draw] Rendering 1 objects: 1 places, 0 transitions, 0 arcs
[Draw] Rendering 1 objects: 1 places, 0 transitions, 0 arcs
[Draw] Rendering 1 objects: 1 places, 0 transitions, 0 arcs
[Draw] Rendering 1 objects: 1 places, 0 transitions, 0 arcs
[Draw] Rendering 1 objects: 1 places, 0 transitions, 0 arcs
[Draw] Rendering 1 objects: 1 places, 0 transitions, 0 arcs
